PhantomJS is launching GhostDriver...
[INFO  - 2017-05-08T00:06:06.624Z] GhostDriver - Main - running on port 62893
[INFO  - 2017-05-08T00:06:08.276Z] Session [22ea6080-3382-11e7-8bef-4589ca0430a8] - page.settings - {"XSSAuditingEnabled":false,"javascriptCanCloseWindows":true,"javascriptCanOpenWindows":true,"javascriptEnabled":true,"loadImages":true,"localToRemoteUrlAccessEnabled":false,"userAgent":"Mozilla/5.0 (Windows NT 6.2; WOW64) AppleWebKit/534.34 (KHTML, like Gecko) PhantomJS/1.9.7 Safari/534.34","webSecurityEnabled":true}
[INFO  - 2017-05-08T00:06:08.276Z] Session [22ea6080-3382-11e7-8bef-4589ca0430a8] - page.customHeaders:  - {}
[INFO  - 2017-05-08T00:06:08.276Z] Session [22ea6080-3382-11e7-8bef-4589ca0430a8] - Session.negotiatedCapabilities - {"browserName":"phantomjs","version":"1.9.7","driverName":"ghostdriver","driverVersion":"1.1.0","platform":"windows-8-32bit","javascriptEnabled":true,"takesScreenshot":true,"handlesAlerts":false,"databaseEnabled":false,"locationContextEnabled":false,"applicationCacheEnabled":false,"browserConnectionEnabled":false,"cssSelectorsEnabled":true,"webStorageEnabled":false,"rotatable":false,"acceptSslCerts":false,"nativeEvents":true,"proxy":{"proxyType":"direct"}}
[INFO  - 2017-05-08T00:06:08.277Z] SessionManagerReqHand - _postNewSessionCommand - New Session Created: 22ea6080-3382-11e7-8bef-4589ca0430a8
[ERROR - 2017-05-08T00:06:08.911Z] Session [22ea6080-3382-11e7-8bef-4589ca0430a8] - page.onError - msg: TypeError: 'null' is not an object (evaluating 'a.obj.commentDetails')
[ERROR - 2017-05-08T00:06:08.911Z] Session [22ea6080-3382-11e7-8bef-4589ca0430a8] - page.onError - stack:
  (anonymous function) (http://img4.sj.qq.com/res/static/myapp/staticVersion/20140928/assets/js/app/page/details.js:1)
  (anonymous function) (http://img4.sj.qq.com/res/static/myapp/staticVersion/20140928/assets/js/app/page/details.js:1)
  (anonymous function) (http://img4.sj.qq.com/res/static/myapp/assets/js/jquery-seajs.js:1)
  (anonymous function) (http://img4.sj.qq.com/res/static/myapp/assets/js/jquery-seajs.js:1)
  T (http://img4.sj.qq.com/res/static/myapp/assets/js/jquery-seajs.js:3)
  (anonymous function) (http://img4.sj.qq.com/res/static/myapp/assets/js/jquery-seajs.js:3)
[ERROR - 2017-05-08T00:06:08.980Z] Session [22ea6080-3382-11e7-8bef-4589ca0430a8] - page.onError - msg: TypeError: 'null' is not an object (evaluating 'a.obj.commentDetails')
[ERROR - 2017-05-08T00:06:08.980Z] Session [22ea6080-3382-11e7-8bef-4589ca0430a8] - page.onError - stack:
  (anonymous function) (http://img4.sj.qq.com/res/static/myapp/staticVersion/20140928/assets/js/app/page/details.js:1)
  (anonymous function) (http://img4.sj.qq.com/res/static/myapp/staticVersion/20140928/assets/js/app/page/details.js:1)
  (anonymous function) (http://img4.sj.qq.com/res/static/myapp/assets/js/jquery-seajs.js:1)
  (anonymous function) (http://img4.sj.qq.com/res/static/myapp/assets/js/jquery-seajs.js:1)
  T (http://img4.sj.qq.com/res/static/myapp/assets/js/jquery-seajs.js:3)
  (anonymous function) (http://img4.sj.qq.com/res/static/myapp/assets/js/jquery-seajs.js:3)
[ERROR - 2017-05-08T00:06:08.991Z] Session [22ea6080-3382-11e7-8bef-4589ca0430a8] - page.onError - msg: TypeError: 'null' is not an object (evaluating 'a.obj.commentDetails')
[ERROR - 2017-05-08T00:06:08.991Z] Session [22ea6080-3382-11e7-8bef-4589ca0430a8] - page.onError - stack:
  (anonymous function) (http://img4.sj.qq.com/res/static/myapp/staticVersion/20140928/assets/js/app/page/details.js:1)
  (anonymous function) (http://img4.sj.qq.com/res/static/myapp/staticVersion/20140928/assets/js/app/page/details.js:1)
  (anonymous function) (http://img4.sj.qq.com/res/static/myapp/assets/js/jquery-seajs.js:1)
  (anonymous function) (http://img4.sj.qq.com/res/static/myapp/assets/js/jquery-seajs.js:1)
  T (http://img4.sj.qq.com/res/static/myapp/assets/js/jquery-seajs.js:3)
  (anonymous function) (http://img4.sj.qq.com/res/static/myapp/assets/js/jquery-seajs.js:3)
[ERROR - 2017-05-08T00:06:09.320Z] Session [22ea6080-3382-11e7-8bef-4589ca0430a8] - page.onError - msg: TypeError: 'null' is not an object (evaluating 'a.obj.commentDetails')
[ERROR - 2017-05-08T00:06:09.320Z] Session [22ea6080-3382-11e7-8bef-4589ca0430a8] - page.onError - stack:
  (anonymous function) (http://img4.sj.qq.com/res/static/myapp/staticVersion/20140928/assets/js/app/page/details.js:1)
  (anonymous function) (http://img4.sj.qq.com/res/static/myapp/staticVersion/20140928/assets/js/app/page/details.js:1)
  (anonymous function) (http://img4.sj.qq.com/res/static/myapp/assets/js/jquery-seajs.js:1)
  (anonymous function) (http://img4.sj.qq.com/res/static/myapp/assets/js/jquery-seajs.js:1)
  T (http://img4.sj.qq.com/res/static/myapp/assets/js/jquery-seajs.js:3)
  (anonymous function) (http://img4.sj.qq.com/res/static/myapp/assets/js/jquery-seajs.js:3)
[ERROR - 2017-05-08T00:06:09.501Z] Session [22ea6080-3382-11e7-8bef-4589ca0430a8] - page.onError - msg: TypeError: 'null' is not an object (evaluating 'a.obj.commentDetails')
[ERROR - 2017-05-08T00:06:09.501Z] Session [22ea6080-3382-11e7-8bef-4589ca0430a8] - page.onError - stack:
  (anonymous function) (http://img4.sj.qq.com/res/static/myapp/staticVersion/20140928/assets/js/app/page/details.js:1)
  (anonymous function) (http://img4.sj.qq.com/res/static/myapp/staticVersion/20140928/assets/js/app/page/details.js:1)
  (anonymous function) (http://img4.sj.qq.com/res/static/myapp/assets/js/jquery-seajs.js:1)
  (anonymous function) (http://img4.sj.qq.com/res/static/myapp/assets/js/jquery-seajs.js:1)
  T (http://img4.sj.qq.com/res/static/myapp/assets/js/jquery-seajs.js:3)
  (anonymous function) (http://img4.sj.qq.com/res/static/myapp/assets/js/jquery-seajs.js:3)
[ERROR - 2017-05-08T00:06:09.555Z] Session [22ea6080-3382-11e7-8bef-4589ca0430a8] - page.onError - msg: TypeError: 'null' is not an object (evaluating 'a.obj.commentDetails')
[ERROR - 2017-05-08T00:06:09.555Z] Session [22ea6080-3382-11e7-8bef-4589ca0430a8] - page.onError - stack:
  (anonymous function) (http://img4.sj.qq.com/res/static/myapp/staticVersion/20140928/assets/js/app/page/details.js:1)
  (anonymous function) (http://img4.sj.qq.com/res/static/myapp/staticVersion/20140928/assets/js/app/page/details.js:1)
  (anonymous function) (http://img4.sj.qq.com/res/static/myapp/assets/js/jquery-seajs.js:1)
  (anonymous function) (http://img4.sj.qq.com/res/static/myapp/assets/js/jquery-seajs.js:1)
  T (http://img4.sj.qq.com/res/static/myapp/assets/js/jquery-seajs.js:3)
  (anonymous function) (http://img4.sj.qq.com/res/static/myapp/assets/js/jquery-seajs.js:3)
[ERROR - 2017-05-08T00:06:09.595Z] Session [22ea6080-3382-11e7-8bef-4589ca0430a8] - page.onError - msg: TypeError: 'null' is not an object (evaluating 'a.obj.commentDetails')
[ERROR - 2017-05-08T00:06:09.595Z] Session [22ea6080-3382-11e7-8bef-4589ca0430a8] - page.onError - stack:
  (anonymous function) (http://img4.sj.qq.com/res/static/myapp/staticVersion/20140928/assets/js/app/page/details.js:1)
  (anonymous function) (http://img4.sj.qq.com/res/static/myapp/staticVersion/20140928/assets/js/app/page/details.js:1)
  (anonymous function) (http://img4.sj.qq.com/res/static/myapp/assets/js/jquery-seajs.js:1)
  (anonymous function) (http://img4.sj.qq.com/res/static/myapp/assets/js/jquery-seajs.js:1)
  T (http://img4.sj.qq.com/res/static/myapp/assets/js/jquery-seajs.js:3)
  (anonymous function) (http://img4.sj.qq.com/res/static/myapp/assets/js/jquery-seajs.js:3)
[ERROR - 2017-05-08T00:06:09.678Z] Session [22ea6080-3382-11e7-8bef-4589ca0430a8] - page.onError - msg: TypeError: 'null' is not an object (evaluating 'a.obj.commentDetails')
[ERROR - 2017-05-08T00:06:09.678Z] Session [22ea6080-3382-11e7-8bef-4589ca0430a8] - page.onError - stack:
  (anonymous function) (http://img4.sj.qq.com/res/static/myapp/staticVersion/20140928/assets/js/app/page/details.js:1)
  (anonymous function) (http://img4.sj.qq.com/res/static/myapp/staticVersion/20140928/assets/js/app/page/details.js:1)
  (anonymous function) (http://img4.sj.qq.com/res/static/myapp/assets/js/jquery-seajs.js:1)
  (anonymous function) (http://img4.sj.qq.com/res/static/myapp/assets/js/jquery-seajs.js:1)
  T (http://img4.sj.qq.com/res/static/myapp/assets/js/jquery-seajs.js:3)
  (anonymous function) (http://img4.sj.qq.com/res/static/myapp/assets/js/jquery-seajs.js:3)
[ERROR - 2017-05-08T00:06:09.720Z] Session [22ea6080-3382-11e7-8bef-4589ca0430a8] - page.onError - msg: TypeError: 'null' is not an object (evaluating 'a.obj.commentDetails')
[ERROR - 2017-05-08T00:06:09.720Z] Session [22ea6080-3382-11e7-8bef-4589ca0430a8] - page.onError - stack:
  (anonymous function) (http://img4.sj.qq.com/res/static/myapp/staticVersion/20140928/assets/js/app/page/details.js:1)
  (anonymous function) (http://img4.sj.qq.com/res/static/myapp/staticVersion/20140928/assets/js/app/page/details.js:1)
  (anonymous function) (http://img4.sj.qq.com/res/static/myapp/assets/js/jquery-seajs.js:1)
  (anonymous function) (http://img4.sj.qq.com/res/static/myapp/assets/js/jquery-seajs.js:1)
  T (http://img4.sj.qq.com/res/static/myapp/assets/js/jquery-seajs.js:3)
  (anonymous function) (http://img4.sj.qq.com/res/static/myapp/assets/js/jquery-seajs.js:3)
[ERROR - 2017-05-08T00:06:09.764Z] Session [22ea6080-3382-11e7-8bef-4589ca0430a8] - page.onError - msg: TypeError: 'null' is not an object (evaluating 'a.obj.commentDetails')
[ERROR - 2017-05-08T00:06:09.764Z] Session [22ea6080-3382-11e7-8bef-4589ca0430a8] - page.onError - stack:
  (anonymous function) (http://img4.sj.qq.com/res/static/myapp/staticVersion/20140928/assets/js/app/page/details.js:1)
  (anonymous function) (http://img4.sj.qq.com/res/static/myapp/staticVersion/20140928/assets/js/app/page/details.js:1)
  (anonymous function) (http://img4.sj.qq.com/res/static/myapp/assets/js/jquery-seajs.js:1)
  (anonymous function) (http://img4.sj.qq.com/res/static/myapp/assets/js/jquery-seajs.js:1)
  T (http://img4.sj.qq.com/res/static/myapp/assets/js/jquery-seajs.js:3)
  (anonymous function) (http://img4.sj.qq.com/res/static/myapp/assets/js/jquery-seajs.js:3)
[ERROR - 2017-05-08T00:06:09.810Z] Session [22ea6080-3382-11e7-8bef-4589ca0430a8] - page.onError - msg: TypeError: 'null' is not an object (evaluating 'a.obj.commentDetails')
[ERROR - 2017-05-08T00:06:09.810Z] Session [22ea6080-3382-11e7-8bef-4589ca0430a8] - page.onError - stack:
  (anonymous function) (http://img4.sj.qq.com/res/static/myapp/staticVersion/20140928/assets/js/app/page/details.js:1)
  (anonymous function) (http://img4.sj.qq.com/res/static/myapp/staticVersion/20140928/assets/js/app/page/details.js:1)
  (anonymous function) (http://img4.sj.qq.com/res/static/myapp/assets/js/jquery-seajs.js:1)
  (anonymous function) (http://img4.sj.qq.com/res/static/myapp/assets/js/jquery-seajs.js:1)
  T (http://img4.sj.qq.com/res/static/myapp/assets/js/jquery-seajs.js:3)
  (anonymous function) (http://img4.sj.qq.com/res/static/myapp/assets/js/jquery-seajs.js:3)
[ERROR - 2017-05-08T00:06:09.851Z] Session [22ea6080-3382-11e7-8bef-4589ca0430a8] - page.onError - msg: TypeError: 'null' is not an object (evaluating 'a.obj.commentDetails')
[ERROR - 2017-05-08T00:06:09.851Z] Session [22ea6080-3382-11e7-8bef-4589ca0430a8] - page.onError - stack:
  (anonymous function) (http://img4.sj.qq.com/res/static/myapp/staticVersion/20140928/assets/js/app/page/details.js:1)
  (anonymous function) (http://img4.sj.qq.com/res/static/myapp/staticVersion/20140928/assets/js/app/page/details.js:1)
  (anonymous function) (http://img4.sj.qq.com/res/static/myapp/assets/js/jquery-seajs.js:1)
  (anonymous function) (http://img4.sj.qq.com/res/static/myapp/assets/js/jquery-seajs.js:1)
  T (http://img4.sj.qq.com/res/static/myapp/assets/js/jquery-seajs.js:3)
  (anonymous function) (http://img4.sj.qq.com/res/static/myapp/assets/js/jquery-seajs.js:3)
[ERROR - 2017-05-08T00:06:09.937Z] Session [22ea6080-3382-11e7-8bef-4589ca0430a8] - page.onError - msg: TypeError: 'null' is not an object (evaluating 'a.obj.commentDetails')
[ERROR - 2017-05-08T00:06:09.937Z] Session [22ea6080-3382-11e7-8bef-4589ca0430a8] - page.onError - stack:
  (anonymous function) (http://img4.sj.qq.com/res/static/myapp/staticVersion/20140928/assets/js/app/page/details.js:1)
  (anonymous function) (http://img4.sj.qq.com/res/static/myapp/staticVersion/20140928/assets/js/app/page/details.js:1)
  (anonymous function) (http://img4.sj.qq.com/res/static/myapp/assets/js/jquery-seajs.js:1)
  (anonymous function) (http://img4.sj.qq.com/res/static/myapp/assets/js/jquery-seajs.js:1)
  T (http://img4.sj.qq.com/res/static/myapp/assets/js/jquery-seajs.js:3)
  (anonymous function) (http://img4.sj.qq.com/res/static/myapp/assets/js/jquery-seajs.js:3)
[ERROR - 2017-05-08T00:06:10.660Z] Session [22ea6080-3382-11e7-8bef-4589ca0430a8] - page.onError - msg: TypeError: 'null' is not an object (evaluating 'a.obj.commentDetails')
[ERROR - 2017-05-08T00:06:10.660Z] Session [22ea6080-3382-11e7-8bef-4589ca0430a8] - page.onError - stack:
  (anonymous function) (http://img4.sj.qq.com/res/static/myapp/staticVersion/20140928/assets/js/app/page/details.js:1)
  (anonymous function) (http://img4.sj.qq.com/res/static/myapp/staticVersion/20140928/assets/js/app/page/details.js:1)
  (anonymous function) (http://img4.sj.qq.com/res/static/myapp/assets/js/jquery-seajs.js:1)
  (anonymous function) (http://img4.sj.qq.com/res/static/myapp/assets/js/jquery-seajs.js:1)
  T (http://img4.sj.qq.com/res/static/myapp/assets/js/jquery-seajs.js:3)
  (anonymous function) (http://img4.sj.qq.com/res/static/myapp/assets/js/jquery-seajs.js:3)
[ERROR - 2017-05-08T00:06:10.702Z] Session [22ea6080-3382-11e7-8bef-4589ca0430a8] - page.onError - msg: TypeError: 'null' is not an object (evaluating 'a.obj.commentDetails')
[ERROR - 2017-05-08T00:06:10.702Z] Session [22ea6080-3382-11e7-8bef-4589ca0430a8] - page.onError - stack:
  (anonymous function) (http://img4.sj.qq.com/res/static/myapp/staticVersion/20140928/assets/js/app/page/details.js:1)
  (anonymous function) (http://img4.sj.qq.com/res/static/myapp/staticVersion/20140928/assets/js/app/page/details.js:1)
  (anonymous function) (http://img4.sj.qq.com/res/static/myapp/assets/js/jquery-seajs.js:1)
  (anonymous function) (http://img4.sj.qq.com/res/static/myapp/assets/js/jquery-seajs.js:1)
  T (http://img4.sj.qq.com/res/static/myapp/assets/js/jquery-seajs.js:3)
  (anonymous function) (http://img4.sj.qq.com/res/static/myapp/assets/js/jquery-seajs.js:3)
[ERROR - 2017-05-08T00:06:11.109Z] Session [22ea6080-3382-11e7-8bef-4589ca0430a8] - page.onError - msg: TypeError: 'null' is not an object (evaluating 'a.obj.commentDetails')
[ERROR - 2017-05-08T00:06:11.109Z] Session [22ea6080-3382-11e7-8bef-4589ca0430a8] - page.onError - stack:
  (anonymous function) (http://img4.sj.qq.com/res/static/myapp/staticVersion/20140928/assets/js/app/page/details.js:1)
  (anonymous function) (http://img4.sj.qq.com/res/static/myapp/staticVersion/20140928/assets/js/app/page/details.js:1)
  (anonymous function) (http://img4.sj.qq.com/res/static/myapp/assets/js/jquery-seajs.js:1)
  (anonymous function) (http://img4.sj.qq.com/res/static/myapp/assets/js/jquery-seajs.js:1)
  T (http://img4.sj.qq.com/res/static/myapp/assets/js/jquery-seajs.js:3)
  (anonymous function) (http://img4.sj.qq.com/res/static/myapp/assets/js/jquery-seajs.js:3)
[ERROR - 2017-05-08T00:06:11.276Z] Session [22ea6080-3382-11e7-8bef-4589ca0430a8] - page.onError - msg: TypeError: 'null' is not an object (evaluating 'a.obj.commentDetails')
[ERROR - 2017-05-08T00:06:11.276Z] Session [22ea6080-3382-11e7-8bef-4589ca0430a8] - page.onError - stack:
  (anonymous function) (http://img4.sj.qq.com/res/static/myapp/staticVersion/20140928/assets/js/app/page/details.js:1)
  (anonymous function) (http://img4.sj.qq.com/res/static/myapp/staticVersion/20140928/assets/js/app/page/details.js:1)
  (anonymous function) (http://img4.sj.qq.com/res/static/myapp/assets/js/jquery-seajs.js:1)
  (anonymous function) (http://img4.sj.qq.com/res/static/myapp/assets/js/jquery-seajs.js:1)
  T (http://img4.sj.qq.com/res/static/myapp/assets/js/jquery-seajs.js:3)
  (anonymous function) (http://img4.sj.qq.com/res/static/myapp/assets/js/jquery-seajs.js:3)
[ERROR - 2017-05-08T00:06:11.317Z] Session [22ea6080-3382-11e7-8bef-4589ca0430a8] - page.onError - msg: TypeError: 'null' is not an object (evaluating 'a.obj.commentDetails')
[ERROR - 2017-05-08T00:06:11.317Z] Session [22ea6080-3382-11e7-8bef-4589ca0430a8] - page.onError - stack:
  (anonymous function) (http://img4.sj.qq.com/res/static/myapp/staticVersion/20140928/assets/js/app/page/details.js:1)
  (anonymous function) (http://img4.sj.qq.com/res/static/myapp/staticVersion/20140928/assets/js/app/page/details.js:1)
  (anonymous function) (http://img4.sj.qq.com/res/static/myapp/assets/js/jquery-seajs.js:1)
  (anonymous function) (http://img4.sj.qq.com/res/static/myapp/assets/js/jquery-seajs.js:1)
  T (http://img4.sj.qq.com/res/static/myapp/assets/js/jquery-seajs.js:3)
  (anonymous function) (http://img4.sj.qq.com/res/static/myapp/assets/js/jquery-seajs.js:3)
[ERROR - 2017-05-08T00:06:11.571Z] Session [22ea6080-3382-11e7-8bef-4589ca0430a8] - page.onError - msg: TypeError: 'null' is not an object (evaluating 'a.obj.commentDetails')
[ERROR - 2017-05-08T00:06:11.571Z] Session [22ea6080-3382-11e7-8bef-4589ca0430a8] - page.onError - stack:
  (anonymous function) (http://img4.sj.qq.com/res/static/myapp/staticVersion/20140928/assets/js/app/page/details.js:1)
  (anonymous function) (http://img4.sj.qq.com/res/static/myapp/staticVersion/20140928/assets/js/app/page/details.js:1)
  (anonymous function) (http://img4.sj.qq.com/res/static/myapp/assets/js/jquery-seajs.js:1)
  (anonymous function) (http://img4.sj.qq.com/res/static/myapp/assets/js/jquery-seajs.js:1)
  T (http://img4.sj.qq.com/res/static/myapp/assets/js/jquery-seajs.js:3)
  (anonymous function) (http://img4.sj.qq.com/res/static/myapp/assets/js/jquery-seajs.js:3)
[ERROR - 2017-05-08T00:06:11.616Z] Session [22ea6080-3382-11e7-8bef-4589ca0430a8] - page.onError - msg: TypeError: 'null' is not an object (evaluating 'a.obj.commentDetails')
[ERROR - 2017-05-08T00:06:11.616Z] Session [22ea6080-3382-11e7-8bef-4589ca0430a8] - page.onError - stack:
  (anonymous function) (http://img4.sj.qq.com/res/static/myapp/staticVersion/20140928/assets/js/app/page/details.js:1)
  (anonymous function) (http://img4.sj.qq.com/res/static/myapp/staticVersion/20140928/assets/js/app/page/details.js:1)
  (anonymous function) (http://img4.sj.qq.com/res/static/myapp/assets/js/jquery-seajs.js:1)
  (anonymous function) (http://img4.sj.qq.com/res/static/myapp/assets/js/jquery-seajs.js:1)
  T (http://img4.sj.qq.com/res/static/myapp/assets/js/jquery-seajs.js:3)
  (anonymous function) (http://img4.sj.qq.com/res/static/myapp/assets/js/jquery-seajs.js:3)
[ERROR - 2017-05-08T00:06:11.702Z] Session [22ea6080-3382-11e7-8bef-4589ca0430a8] - page.onError - msg: TypeError: 'null' is not an object (evaluating 'a.obj.commentDetails')
[ERROR - 2017-05-08T00:06:11.702Z] Session [22ea6080-3382-11e7-8bef-4589ca0430a8] - page.onError - stack:
  (anonymous function) (http://img4.sj.qq.com/res/static/myapp/staticVersion/20140928/assets/js/app/page/details.js:1)
  (anonymous function) (http://img4.sj.qq.com/res/static/myapp/staticVersion/20140928/assets/js/app/page/details.js:1)
  (anonymous function) (http://img4.sj.qq.com/res/static/myapp/assets/js/jquery-seajs.js:1)
  (anonymous function) (http://img4.sj.qq.com/res/static/myapp/assets/js/jquery-seajs.js:1)
  T (http://img4.sj.qq.com/res/static/myapp/assets/js/jquery-seajs.js:3)
  (anonymous function) (http://img4.sj.qq.com/res/static/myapp/assets/js/jquery-seajs.js:3)
[ERROR - 2017-05-08T00:06:11.741Z] Session [22ea6080-3382-11e7-8bef-4589ca0430a8] - page.onError - msg: TypeError: 'null' is not an object (evaluating 'a.obj.commentDetails')
[ERROR - 2017-05-08T00:06:11.741Z] Session [22ea6080-3382-11e7-8bef-4589ca0430a8] - page.onError - stack:
  (anonymous function) (http://img4.sj.qq.com/res/static/myapp/staticVersion/20140928/assets/js/app/page/details.js:1)
  (anonymous function) (http://img4.sj.qq.com/res/static/myapp/staticVersion/20140928/assets/js/app/page/details.js:1)
  (anonymous function) (http://img4.sj.qq.com/res/static/myapp/assets/js/jquery-seajs.js:1)
  (anonymous function) (http://img4.sj.qq.com/res/static/myapp/assets/js/jquery-seajs.js:1)
  T (http://img4.sj.qq.com/res/static/myapp/assets/js/jquery-seajs.js:3)
  (anonymous function) (http://img4.sj.qq.com/res/static/myapp/assets/js/jquery-seajs.js:3)
[ERROR - 2017-05-08T00:06:11.786Z] Session [22ea6080-3382-11e7-8bef-4589ca0430a8] - page.onError - msg: TypeError: 'null' is not an object (evaluating 'a.obj.commentDetails')
[ERROR - 2017-05-08T00:06:11.786Z] Session [22ea6080-3382-11e7-8bef-4589ca0430a8] - page.onError - stack:
  (anonymous function) (http://img4.sj.qq.com/res/static/myapp/staticVersion/20140928/assets/js/app/page/details.js:1)
  (anonymous function) (http://img4.sj.qq.com/res/static/myapp/staticVersion/20140928/assets/js/app/page/details.js:1)
  (anonymous function) (http://img4.sj.qq.com/res/static/myapp/assets/js/jquery-seajs.js:1)
  (anonymous function) (http://img4.sj.qq.com/res/static/myapp/assets/js/jquery-seajs.js:1)
  T (http://img4.sj.qq.com/res/static/myapp/assets/js/jquery-seajs.js:3)
  (anonymous function) (http://img4.sj.qq.com/res/static/myapp/assets/js/jquery-seajs.js:3)
[ERROR - 2017-05-08T00:06:11.828Z] Session [22ea6080-3382-11e7-8bef-4589ca0430a8] - page.onError - msg: TypeError: 'null' is not an object (evaluating 'a.obj.commentDetails')
[ERROR - 2017-05-08T00:06:11.828Z] Session [22ea6080-3382-11e7-8bef-4589ca0430a8] - page.onError - stack:
  (anonymous function) (http://img4.sj.qq.com/res/static/myapp/staticVersion/20140928/assets/js/app/page/details.js:1)
  (anonymous function) (http://img4.sj.qq.com/res/static/myapp/staticVersion/20140928/assets/js/app/page/details.js:1)
  (anonymous function) (http://img4.sj.qq.com/res/static/myapp/assets/js/jquery-seajs.js:1)
  (anonymous function) (http://img4.sj.qq.com/res/static/myapp/assets/js/jquery-seajs.js:1)
  T (http://img4.sj.qq.com/res/static/myapp/assets/js/jquery-seajs.js:3)
  (anonymous function) (http://img4.sj.qq.com/res/static/myapp/assets/js/jquery-seajs.js:3)
[ERROR - 2017-05-08T00:06:11.870Z] Session [22ea6080-3382-11e7-8bef-4589ca0430a8] - page.onError - msg: TypeError: 'null' is not an object (evaluating 'a.obj.commentDetails')
[ERROR - 2017-05-08T00:06:11.870Z] Session [22ea6080-3382-11e7-8bef-4589ca0430a8] - page.onError - stack:
  (anonymous function) (http://img4.sj.qq.com/res/static/myapp/staticVersion/20140928/assets/js/app/page/details.js:1)
  (anonymous function) (http://img4.sj.qq.com/res/static/myapp/staticVersion/20140928/assets/js/app/page/details.js:1)
  (anonymous function) (http://img4.sj.qq.com/res/static/myapp/assets/js/jquery-seajs.js:1)
  (anonymous function) (http://img4.sj.qq.com/res/static/myapp/assets/js/jquery-seajs.js:1)
  T (http://img4.sj.qq.com/res/static/myapp/assets/js/jquery-seajs.js:3)
  (anonymous function) (http://img4.sj.qq.com/res/static/myapp/assets/js/jquery-seajs.js:3)
[ERROR - 2017-05-08T00:06:11.910Z] Session [22ea6080-3382-11e7-8bef-4589ca0430a8] - page.onError - msg: TypeError: 'null' is not an object (evaluating 'a.obj.commentDetails')
[ERROR - 2017-05-08T00:06:11.910Z] Session [22ea6080-3382-11e7-8bef-4589ca0430a8] - page.onError - stack:
  (anonymous function) (http://img4.sj.qq.com/res/static/myapp/staticVersion/20140928/assets/js/app/page/details.js:1)
  (anonymous function) (http://img4.sj.qq.com/res/static/myapp/staticVersion/20140928/assets/js/app/page/details.js:1)
  (anonymous function) (http://img4.sj.qq.com/res/static/myapp/assets/js/jquery-seajs.js:1)
  (anonymous function) (http://img4.sj.qq.com/res/static/myapp/assets/js/jquery-seajs.js:1)
  T (http://img4.sj.qq.com/res/static/myapp/assets/js/jquery-seajs.js:3)
  (anonymous function) (http://img4.sj.qq.com/res/static/myapp/assets/js/jquery-seajs.js:3)
[ERROR - 2017-05-08T00:06:11.953Z] Session [22ea6080-3382-11e7-8bef-4589ca0430a8] - page.onError - msg: TypeError: 'null' is not an object (evaluating 'a.obj.commentDetails')
[ERROR - 2017-05-08T00:06:11.953Z] Session [22ea6080-3382-11e7-8bef-4589ca0430a8] - page.onError - stack:
  (anonymous function) (http://img4.sj.qq.com/res/static/myapp/staticVersion/20140928/assets/js/app/page/details.js:1)
  (anonymous function) (http://img4.sj.qq.com/res/static/myapp/staticVersion/20140928/assets/js/app/page/details.js:1)
  (anonymous function) (http://img4.sj.qq.com/res/static/myapp/assets/js/jquery-seajs.js:1)
  (anonymous function) (http://img4.sj.qq.com/res/static/myapp/assets/js/jquery-seajs.js:1)
  T (http://img4.sj.qq.com/res/static/myapp/assets/js/jquery-seajs.js:3)
  (anonymous function) (http://img4.sj.qq.com/res/static/myapp/assets/js/jquery-seajs.js:3)
[ERROR - 2017-05-08T00:06:11.992Z] Session [22ea6080-3382-11e7-8bef-4589ca0430a8] - page.onError - msg: TypeError: 'null' is not an object (evaluating 'a.obj.commentDetails')
[ERROR - 2017-05-08T00:06:11.992Z] Session [22ea6080-3382-11e7-8bef-4589ca0430a8] - page.onError - stack:
  (anonymous function) (http://img4.sj.qq.com/res/static/myapp/staticVersion/20140928/assets/js/app/page/details.js:1)
  (anonymous function) (http://img4.sj.qq.com/res/static/myapp/staticVersion/20140928/assets/js/app/page/details.js:1)
  (anonymous function) (http://img4.sj.qq.com/res/static/myapp/assets/js/jquery-seajs.js:1)
  (anonymous function) (http://img4.sj.qq.com/res/static/myapp/assets/js/jquery-seajs.js:1)
  T (http://img4.sj.qq.com/res/static/myapp/assets/js/jquery-seajs.js:3)
  (anonymous function) (http://img4.sj.qq.com/res/static/myapp/assets/js/jquery-seajs.js:3)
[ERROR - 2017-05-08T00:06:12.039Z] Session [22ea6080-3382-11e7-8bef-4589ca0430a8] - page.onError - msg: TypeError: 'null' is not an object (evaluating 'a.obj.commentDetails')
[ERROR - 2017-05-08T00:06:12.039Z] Session [22ea6080-3382-11e7-8bef-4589ca0430a8] - page.onError - stack:
  (anonymous function) (http://img4.sj.qq.com/res/static/myapp/staticVersion/20140928/assets/js/app/page/details.js:1)
  (anonymous function) (http://img4.sj.qq.com/res/static/myapp/staticVersion/20140928/assets/js/app/page/details.js:1)
  (anonymous function) (http://img4.sj.qq.com/res/static/myapp/assets/js/jquery-seajs.js:1)
  (anonymous function) (http://img4.sj.qq.com/res/static/myapp/assets/js/jquery-seajs.js:1)
  T (http://img4.sj.qq.com/res/static/myapp/assets/js/jquery-seajs.js:3)
  (anonymous function) (http://img4.sj.qq.com/res/static/myapp/assets/js/jquery-seajs.js:3)
[ERROR - 2017-05-08T00:06:12.078Z] Session [22ea6080-3382-11e7-8bef-4589ca0430a8] - page.onError - msg: TypeError: 'null' is not an object (evaluating 'a.obj.commentDetails')
[ERROR - 2017-05-08T00:06:12.078Z] Session [22ea6080-3382-11e7-8bef-4589ca0430a8] - page.onError - stack:
  (anonymous function) (http://img4.sj.qq.com/res/static/myapp/staticVersion/20140928/assets/js/app/page/details.js:1)
  (anonymous function) (http://img4.sj.qq.com/res/static/myapp/staticVersion/20140928/assets/js/app/page/details.js:1)
  (anonymous function) (http://img4.sj.qq.com/res/static/myapp/assets/js/jquery-seajs.js:1)
  (anonymous function) (http://img4.sj.qq.com/res/static/myapp/assets/js/jquery-seajs.js:1)
  T (http://img4.sj.qq.com/res/static/myapp/assets/js/jquery-seajs.js:3)
  (anonymous function) (http://img4.sj.qq.com/res/static/myapp/assets/js/jquery-seajs.js:3)
[ERROR - 2017-05-08T00:06:12.119Z] Session [22ea6080-3382-11e7-8bef-4589ca0430a8] - page.onError - msg: TypeError: 'null' is not an object (evaluating 'a.obj.commentDetails')
[ERROR - 2017-05-08T00:06:12.119Z] Session [22ea6080-3382-11e7-8bef-4589ca0430a8] - page.onError - stack:
  (anonymous function) (http://img4.sj.qq.com/res/static/myapp/staticVersion/20140928/assets/js/app/page/details.js:1)
  (anonymous function) (http://img4.sj.qq.com/res/static/myapp/staticVersion/20140928/assets/js/app/page/details.js:1)
  (anonymous function) (http://img4.sj.qq.com/res/static/myapp/assets/js/jquery-seajs.js:1)
  (anonymous function) (http://img4.sj.qq.com/res/static/myapp/assets/js/jquery-seajs.js:1)
  T (http://img4.sj.qq.com/res/static/myapp/assets/js/jquery-seajs.js:3)
  (anonymous function) (http://img4.sj.qq.com/res/static/myapp/assets/js/jquery-seajs.js:3)
[ERROR - 2017-05-08T00:06:12.202Z] Session [22ea6080-3382-11e7-8bef-4589ca0430a8] - page.onError - msg: TypeError: 'null' is not an object (evaluating 'a.obj.commentDetails')
[ERROR - 2017-05-08T00:06:12.202Z] Session [22ea6080-3382-11e7-8bef-4589ca0430a8] - page.onError - stack:
  (anonymous function) (http://img4.sj.qq.com/res/static/myapp/staticVersion/20140928/assets/js/app/page/details.js:1)
  (anonymous function) (http://img4.sj.qq.com/res/static/myapp/staticVersion/20140928/assets/js/app/page/details.js:1)
  (anonymous function) (http://img4.sj.qq.com/res/static/myapp/assets/js/jquery-seajs.js:1)
  (anonymous function) (http://img4.sj.qq.com/res/static/myapp/assets/js/jquery-seajs.js:1)
  T (http://img4.sj.qq.com/res/static/myapp/assets/js/jquery-seajs.js:3)
  (anonymous function) (http://img4.sj.qq.com/res/static/myapp/assets/js/jquery-seajs.js:3)
[ERROR - 2017-05-08T00:06:12.243Z] Session [22ea6080-3382-11e7-8bef-4589ca0430a8] - page.onError - msg: TypeError: 'null' is not an object (evaluating 'a.obj.commentDetails')
[ERROR - 2017-05-08T00:06:12.243Z] Session [22ea6080-3382-11e7-8bef-4589ca0430a8] - page.onError - stack:
  (anonymous function) (http://img4.sj.qq.com/res/static/myapp/staticVersion/20140928/assets/js/app/page/details.js:1)
  (anonymous function) (http://img4.sj.qq.com/res/static/myapp/staticVersion/20140928/assets/js/app/page/details.js:1)
  (anonymous function) (http://img4.sj.qq.com/res/static/myapp/assets/js/jquery-seajs.js:1)
  (anonymous function) (http://img4.sj.qq.com/res/static/myapp/assets/js/jquery-seajs.js:1)
  T (http://img4.sj.qq.com/res/static/myapp/assets/js/jquery-seajs.js:3)
  (anonymous function) (http://img4.sj.qq.com/res/static/myapp/assets/js/jquery-seajs.js:3)
[ERROR - 2017-05-08T00:06:12.287Z] Session [22ea6080-3382-11e7-8bef-4589ca0430a8] - page.onError - msg: TypeError: 'null' is not an object (evaluating 'a.obj.commentDetails')
[ERROR - 2017-05-08T00:06:12.287Z] Session [22ea6080-3382-11e7-8bef-4589ca0430a8] - page.onError - stack:
  (anonymous function) (http://img4.sj.qq.com/res/static/myapp/staticVersion/20140928/assets/js/app/page/details.js:1)
  (anonymous function) (http://img4.sj.qq.com/res/static/myapp/staticVersion/20140928/assets/js/app/page/details.js:1)
  (anonymous function) (http://img4.sj.qq.com/res/static/myapp/assets/js/jquery-seajs.js:1)
  (anonymous function) (http://img4.sj.qq.com/res/static/myapp/assets/js/jquery-seajs.js:1)
  T (http://img4.sj.qq.com/res/static/myapp/assets/js/jquery-seajs.js:3)
  (anonymous function) (http://img4.sj.qq.com/res/static/myapp/assets/js/jquery-seajs.js:3)
[ERROR - 2017-05-08T00:06:12.327Z] Session [22ea6080-3382-11e7-8bef-4589ca0430a8] - page.onError - msg: TypeError: 'null' is not an object (evaluating 'a.obj.commentDetails')
[ERROR - 2017-05-08T00:06:12.327Z] Session [22ea6080-3382-11e7-8bef-4589ca0430a8] - page.onError - stack:
  (anonymous function) (http://img4.sj.qq.com/res/static/myapp/staticVersion/20140928/assets/js/app/page/details.js:1)
  (anonymous function) (http://img4.sj.qq.com/res/static/myapp/staticVersion/20140928/assets/js/app/page/details.js:1)
  (anonymous function) (http://img4.sj.qq.com/res/static/myapp/assets/js/jquery-seajs.js:1)
  (anonymous function) (http://img4.sj.qq.com/res/static/myapp/assets/js/jquery-seajs.js:1)
  T (http://img4.sj.qq.com/res/static/myapp/assets/js/jquery-seajs.js:3)
  (anonymous function) (http://img4.sj.qq.com/res/static/myapp/assets/js/jquery-seajs.js:3)
[ERROR - 2017-05-08T00:06:12.498Z] Session [22ea6080-3382-11e7-8bef-4589ca0430a8] - page.onError - msg: TypeError: 'null' is not an object (evaluating 'a.obj.commentDetails')
[ERROR - 2017-05-08T00:06:12.498Z] Session [22ea6080-3382-11e7-8bef-4589ca0430a8] - page.onError - stack:
  (anonymous function) (http://img4.sj.qq.com/res/static/myapp/staticVersion/20140928/assets/js/app/page/details.js:1)
  (anonymous function) (http://img4.sj.qq.com/res/static/myapp/staticVersion/20140928/assets/js/app/page/details.js:1)
  (anonymous function) (http://img4.sj.qq.com/res/static/myapp/assets/js/jquery-seajs.js:1)
  (anonymous function) (http://img4.sj.qq.com/res/static/myapp/assets/js/jquery-seajs.js:1)
  T (http://img4.sj.qq.com/res/static/myapp/assets/js/jquery-seajs.js:3)
  (anonymous function) (http://img4.sj.qq.com/res/static/myapp/assets/js/jquery-seajs.js:3)
[ERROR - 2017-05-08T00:06:12.541Z] Session [22ea6080-3382-11e7-8bef-4589ca0430a8] - page.onError - msg: TypeError: 'null' is not an object (evaluating 'a.obj.commentDetails')
[ERROR - 2017-05-08T00:06:12.541Z] Session [22ea6080-3382-11e7-8bef-4589ca0430a8] - page.onError - stack:
  (anonymous function) (http://img4.sj.qq.com/res/static/myapp/staticVersion/20140928/assets/js/app/page/details.js:1)
  (anonymous function) (http://img4.sj.qq.com/res/static/myapp/staticVersion/20140928/assets/js/app/page/details.js:1)
  (anonymous function) (http://img4.sj.qq.com/res/static/myapp/assets/js/jquery-seajs.js:1)
  (anonymous function) (http://img4.sj.qq.com/res/static/myapp/assets/js/jquery-seajs.js:1)
  T (http://img4.sj.qq.com/res/static/myapp/assets/js/jquery-seajs.js:3)
  (anonymous function) (http://img4.sj.qq.com/res/static/myapp/assets/js/jquery-seajs.js:3)
[ERROR - 2017-05-08T00:06:12.579Z] Session [22ea6080-3382-11e7-8bef-4589ca0430a8] - page.onError - msg: TypeError: 'null' is not an object (evaluating 'a.obj.commentDetails')
[ERROR - 2017-05-08T00:06:12.579Z] Session [22ea6080-3382-11e7-8bef-4589ca0430a8] - page.onError - stack:
  (anonymous function) (http://img4.sj.qq.com/res/static/myapp/staticVersion/20140928/assets/js/app/page/details.js:1)
  (anonymous function) (http://img4.sj.qq.com/res/static/myapp/staticVersion/20140928/assets/js/app/page/details.js:1)
  (anonymous function) (http://img4.sj.qq.com/res/static/myapp/assets/js/jquery-seajs.js:1)
  (anonymous function) (http://img4.sj.qq.com/res/static/myapp/assets/js/jquery-seajs.js:1)
  T (http://img4.sj.qq.com/res/static/myapp/assets/js/jquery-seajs.js:3)
  (anonymous function) (http://img4.sj.qq.com/res/static/myapp/assets/js/jquery-seajs.js:3)
[ERROR - 2017-05-08T00:06:12.666Z] Session [22ea6080-3382-11e7-8bef-4589ca0430a8] - page.onError - msg: TypeError: 'null' is not an object (evaluating 'a.obj.commentDetails')
[ERROR - 2017-05-08T00:06:12.666Z] Session [22ea6080-3382-11e7-8bef-4589ca0430a8] - page.onError - stack:
  (anonymous function) (http://img4.sj.qq.com/res/static/myapp/staticVersion/20140928/assets/js/app/page/details.js:1)
  (anonymous function) (http://img4.sj.qq.com/res/static/myapp/staticVersion/20140928/assets/js/app/page/details.js:1)
  (anonymous function) (http://img4.sj.qq.com/res/static/myapp/assets/js/jquery-seajs.js:1)
  (anonymous function) (http://img4.sj.qq.com/res/static/myapp/assets/js/jquery-seajs.js:1)
  T (http://img4.sj.qq.com/res/static/myapp/assets/js/jquery-seajs.js:3)
  (anonymous function) (http://img4.sj.qq.com/res/static/myapp/assets/js/jquery-seajs.js:3)
[ERROR - 2017-05-08T00:06:12.718Z] Session [22ea6080-3382-11e7-8bef-4589ca0430a8] - page.onError - msg: TypeError: 'null' is not an object (evaluating 'a.obj.commentDetails')
[ERROR - 2017-05-08T00:06:12.718Z] Session [22ea6080-3382-11e7-8bef-4589ca0430a8] - page.onError - stack:
  (anonymous function) (http://img4.sj.qq.com/res/static/myapp/staticVersion/20140928/assets/js/app/page/details.js:1)
  (anonymous function) (http://img4.sj.qq.com/res/static/myapp/staticVersion/20140928/assets/js/app/page/details.js:1)
  (anonymous function) (http://img4.sj.qq.com/res/static/myapp/assets/js/jquery-seajs.js:1)
  (anonymous function) (http://img4.sj.qq.com/res/static/myapp/assets/js/jquery-seajs.js:1)
  T (http://img4.sj.qq.com/res/static/myapp/assets/js/jquery-seajs.js:3)
  (anonymous function) (http://img4.sj.qq.com/res/static/myapp/assets/js/jquery-seajs.js:3)
[ERROR - 2017-05-08T00:06:12.746Z] Session [22ea6080-3382-11e7-8bef-4589ca0430a8] - page.onError - msg: TypeError: 'null' is not an object (evaluating 'a.obj.commentDetails')
[ERROR - 2017-05-08T00:06:12.746Z] Session [22ea6080-3382-11e7-8bef-4589ca0430a8] - page.onError - stack:
  (anonymous function) (http://img4.sj.qq.com/res/static/myapp/staticVersion/20140928/assets/js/app/page/details.js:1)
  (anonymous function) (http://img4.sj.qq.com/res/static/myapp/staticVersion/20140928/assets/js/app/page/details.js:1)
  (anonymous function) (http://img4.sj.qq.com/res/static/myapp/assets/js/jquery-seajs.js:1)
  (anonymous function) (http://img4.sj.qq.com/res/static/myapp/assets/js/jquery-seajs.js:1)
  T (http://img4.sj.qq.com/res/static/myapp/assets/js/jquery-seajs.js:3)
  (anonymous function) (http://img4.sj.qq.com/res/static/myapp/assets/js/jquery-seajs.js:3)
[ERROR - 2017-05-08T00:06:12.793Z] Session [22ea6080-3382-11e7-8bef-4589ca0430a8] - page.onError - msg: TypeError: 'null' is not an object (evaluating 'a.obj.commentDetails')
[ERROR - 2017-05-08T00:06:12.793Z] Session [22ea6080-3382-11e7-8bef-4589ca0430a8] - page.onError - stack:
  (anonymous function) (http://img4.sj.qq.com/res/static/myapp/staticVersion/20140928/assets/js/app/page/details.js:1)
  (anonymous function) (http://img4.sj.qq.com/res/static/myapp/staticVersion/20140928/assets/js/app/page/details.js:1)
  (anonymous function) (http://img4.sj.qq.com/res/static/myapp/assets/js/jquery-seajs.js:1)
  (anonymous function) (http://img4.sj.qq.com/res/static/myapp/assets/js/jquery-seajs.js:1)
  T (http://img4.sj.qq.com/res/static/myapp/assets/js/jquery-seajs.js:3)
  (anonymous function) (http://img4.sj.qq.com/res/static/myapp/assets/js/jquery-seajs.js:3)
[ERROR - 2017-05-08T00:06:13.627Z] Session [22ea6080-3382-11e7-8bef-4589ca0430a8] - page.onError - msg: TypeError: 'null' is not an object (evaluating 'a.obj.commentDetails')
[ERROR - 2017-05-08T00:06:13.627Z] Session [22ea6080-3382-11e7-8bef-4589ca0430a8] - page.onError - stack:
  (anonymous function) (http://img4.sj.qq.com/res/static/myapp/staticVersion/20140928/assets/js/app/page/details.js:1)
  (anonymous function) (http://img4.sj.qq.com/res/static/myapp/staticVersion/20140928/assets/js/app/page/details.js:1)
  (anonymous function) (http://img4.sj.qq.com/res/static/myapp/assets/js/jquery-seajs.js:1)
  (anonymous function) (http://img4.sj.qq.com/res/static/myapp/assets/js/jquery-seajs.js:1)
  T (http://img4.sj.qq.com/res/static/myapp/assets/js/jquery-seajs.js:3)
  (anonymous function) (http://img4.sj.qq.com/res/static/myapp/assets/js/jquery-seajs.js:3)
